{"level":"\u001b[32minfo\u001b[39m","message":"{\"method\":\"POST\",\"url\":\"/api/v1/users/register/\",\"status\":\"500\",\"responseTime\":\"45.479\"}","timestamp":"2025-02-15T19:03:24.044Z"}
{"level":"\u001b[32minfo\u001b[39m","message":"{\"method\":\"POST\",\"url\":\"/api/v1/users/register/\",\"status\":\"500\",\"responseTime\":\"7348.287\"}","timestamp":"2025-02-15T19:04:19.254Z"}
{"level":"\u001b[32minfo\u001b[39m","message":"{\"method\":\"POST\",\"url\":\"/api/v1/users/register/\",\"status\":\"500\",\"responseTime\":\"13644.047\"}","timestamp":"2025-02-15T19:04:51.440Z"}
{"level":"\u001b[32minfo\u001b[39m","message":"{\"method\":\"POST\",\"url\":\"/api/v1/users/register/\",\"status\":\"500\",\"responseTime\":\"8052.484\"}","timestamp":"2025-02-15T19:43:47.862Z"}
{"level":"\u001b[32minfo\u001b[39m","message":"{\"method\":\"POST\",\"url\":\"/api/v1/users/register/\",\"status\":\"200\",\"responseTime\":\"9161.408\"}","timestamp":"2025-02-15T20:03:38.194Z"}
{"level":"\u001b[32minfo\u001b[39m","message":"{\"method\":\"POST\",\"url\":\"/api/v1/users/register/\",\"status\":\"200\",\"responseTime\":\"8131.587\"}","timestamp":"2025-02-15T20:06:56.768Z"}
{"level":"\u001b[32minfo\u001b[39m","message":"{\"method\":\"POST\",\"url\":\"/api/v1/users/register/\",\"status\":\"500\",\"responseTime\":\"7272.567\"}","timestamp":"2025-02-15T20:12:15.721Z"}
{"level":"\u001b[32minfo\u001b[39m","message":"{\"method\":\"POST\",\"url\":\"/api/v1/users/register/\",\"status\":\"500\",\"responseTime\":\"10410.292\"}","timestamp":"2025-02-15T20:14:55.864Z"}
{"level":"\u001b[32minfo\u001b[39m","message":"{\"method\":\"POST\",\"url\":\"/api/v1/users/register/\",\"status\":\"500\",\"responseTime\":\"8681.730\"}","timestamp":"2025-02-15T20:15:40.482Z"}
{"level":"\u001b[32minfo\u001b[39m","message":"{\"method\":\"POST\",\"url\":\"/api/v1/users/register/\",\"status\":\"500\",\"responseTime\":\"10595.231\"}","timestamp":"2025-02-15T20:17:41.787Z"}
{"level":"\u001b[32minfo\u001b[39m","message":"{\"method\":\"POST\",\"url\":\"/api/v1/users/register/\",\"status\":\"500\",\"responseTime\":\"7332.822\"}","timestamp":"2025-02-15T20:18:16.235Z"}
{"level":"\u001b[32minfo\u001b[39m","message":"{\"method\":\"POST\",\"url\":\"/api/v1/users/register/\",\"status\":\"500\",\"responseTime\":\"11354.404\"}","timestamp":"2025-02-15T20:18:58.681Z"}
{"level":"\u001b[32minfo\u001b[39m","message":"{\"method\":\"POST\",\"url\":\"/api/v1/users/register/\",\"status\":\"500\",\"responseTime\":\"7567.724\"}","timestamp":"2025-02-15T20:19:49.395Z"}
{"level":"\u001b[32minfo\u001b[39m","message":"{\"method\":\"POST\",\"url\":\"/api/v1/users/register/\",\"status\":\"500\",\"responseTime\":\"8422.356\"}","timestamp":"2025-02-15T20:20:23.124Z"}
{"level":"\u001b[32minfo\u001b[39m","message":"{\"method\":\"POST\",\"url\":\"/api/v1/users/register/\",\"status\":\"500\",\"responseTime\":\"7136.177\"}","timestamp":"2025-02-15T20:21:04.792Z"}
{"level":"\u001b[32minfo\u001b[39m","message":"{\"method\":\"POST\",\"url\":\"/api/v1/users/register/\",\"status\":\"-\",\"responseTime\":\"-\"}","timestamp":"2025-02-15T20:22:56.074Z"}
{"level":"\u001b[32minfo\u001b[39m","message":"{\"method\":\"POST\",\"url\":\"/api/v1/users/register/\",\"status\":\"200\",\"responseTime\":\"7074.372\"}","timestamp":"2025-02-15T20:23:15.059Z"}
{"level":"\u001b[32minfo\u001b[39m","message":"{\"method\":\"POST\",\"url\":\"/api/v1/users/login/\",\"status\":\"500\",\"responseTime\":\"11.736\"}","timestamp":"2025-02-16T08:35:09.457Z"}
{"level":"\u001b[32minfo\u001b[39m","message":"{\"method\":\"POST\",\"url\":\"/api/v1/users/login/\",\"status\":\"400\",\"responseTime\":\"4.056\"}","timestamp":"2025-02-16T08:35:54.367Z"}
{"level":"\u001b[32minfo\u001b[39m","message":"{\"method\":\"POST\",\"url\":\"/api/v1/users/login/\",\"status\":\"400\",\"responseTime\":\"9.870\"}","timestamp":"2025-02-16T08:36:34.406Z"}
{"level":"\u001b[32minfo\u001b[39m","message":"{\"method\":\"POST\",\"url\":\"/api/v1/users/login/\",\"status\":\"500\",\"responseTime\":\"34.294\"}","timestamp":"2025-02-16T08:37:52.963Z"}
{"level":"\u001b[32minfo\u001b[39m","message":"{\"method\":\"POST\",\"url\":\"/api/v1/users/login/\",\"status\":\"500\",\"responseTime\":\"27.601\"}","timestamp":"2025-02-16T08:39:25.656Z"}
{"level":"\u001b[32minfo\u001b[39m","message":"{\"method\":\"POST\",\"url\":\"/api/v1/users/login/\",\"status\":\"500\",\"responseTime\":\"273.498\"}","timestamp":"2025-02-16T08:40:01.899Z"}
{"level":"\u001b[32minfo\u001b[39m","message":"{\"method\":\"POST\",\"url\":\"/api/v1/users/login/\",\"status\":\"500\",\"responseTime\":\"312.849\"}","timestamp":"2025-02-16T08:40:37.688Z"}
{"level":"\u001b[32minfo\u001b[39m","message":"{\"method\":\"POST\",\"url\":\"/api/v1/users/login/\",\"status\":\"500\",\"responseTime\":\"75.433\"}","timestamp":"2025-02-16T08:41:00.891Z"}
{"level":"\u001b[32minfo\u001b[39m","message":"{\"method\":\"POST\",\"url\":\"/api/v1/users/login/\",\"status\":\"500\",\"responseTime\":\"230.004\"}","timestamp":"2025-02-16T08:43:04.597Z"}
{"level":"\u001b[32minfo\u001b[39m","message":"{\"method\":\"POST\",\"url\":\"/api/v1/users/login/\",\"status\":\"500\",\"responseTime\":\"354.760\"}","timestamp":"2025-02-16T08:44:12.053Z"}
{"level":"\u001b[32minfo\u001b[39m","message":"{\"method\":\"POST\",\"url\":\"/api/v1/users/login/\",\"status\":\"500\",\"responseTime\":\"395.678\"}","timestamp":"2025-02-16T08:44:35.890Z"}
{"level":"\u001b[32minfo\u001b[39m","message":"{\"method\":\"POST\",\"url\":\"/api/v1/users/login/\",\"status\":\"500\",\"responseTime\":\"391.277\"}","timestamp":"2025-02-16T08:45:13.221Z"}
{"level":"\u001b[32minfo\u001b[39m","message":"{\"method\":\"POST\",\"url\":\"/api/v1/users/login/\",\"status\":\"500\",\"responseTime\":\"391.300\"}","timestamp":"2025-02-16T10:09:36.590Z"}
{"level":"\u001b[32minfo\u001b[39m","message":"{\"method\":\"POST\",\"url\":\"/api/v1/users/login/\",\"status\":\"500\",\"responseTime\":\"410.968\"}","timestamp":"2025-02-16T10:10:44.469Z"}
{"level":"\u001b[32minfo\u001b[39m","message":"{\"method\":\"POST\",\"url\":\"/api/v1/users/login/\",\"status\":\"500\",\"responseTime\":\"1528.314\"}","timestamp":"2025-02-16T10:12:47.717Z"}
{"level":"\u001b[32minfo\u001b[39m","message":"{\"method\":\"POST\",\"url\":\"/api/v1/users/login/\",\"status\":\"500\",\"responseTime\":\"424.202\"}","timestamp":"2025-02-16T10:17:00.061Z"}
{"level":"\u001b[32minfo\u001b[39m","message":"{\"method\":\"POST\",\"url\":\"/api/v1/users/login/\",\"status\":\"500\",\"responseTime\":\"800.028\"}","timestamp":"2025-02-16T10:17:51.660Z"}
{"level":"\u001b[32minfo\u001b[39m","message":"{\"method\":\"POST\",\"url\":\"/api/v1/users/login/\",\"status\":\"500\",\"responseTime\":\"541.827\"}","timestamp":"2025-02-16T10:19:49.333Z"}
{"level":"\u001b[32minfo\u001b[39m","message":"{\"method\":\"POST\",\"url\":\"/api/v1/users/login/\",\"status\":\"500\",\"responseTime\":\"808.233\"}","timestamp":"2025-02-16T10:20:41.593Z"}
{"level":"\u001b[32minfo\u001b[39m","message":"{\"method\":\"POST\",\"url\":\"/api/v1/users/login/\",\"status\":\"500\",\"responseTime\":\"799.013\"}","timestamp":"2025-02-16T10:24:51.600Z"}
{"level":"\u001b[32minfo\u001b[39m","message":"{\"method\":\"POST\",\"url\":\"/api/v1/users/login/\",\"status\":\"200\",\"responseTime\":\"2173.981\"}","timestamp":"2025-02-16T10:27:55.937Z"}
{"level":"\u001b[32minfo\u001b[39m","message":"{\"method\":\"POST\",\"url\":\"/api/v1/users/login/\",\"status\":\"200\",\"responseTime\":\"665.160\"}","timestamp":"2025-02-16T10:28:34.100Z"}
{"level":"\u001b[32minfo\u001b[39m","message":"{\"method\":\"POST\",\"url\":\"/api/v1/users/login/\",\"status\":\"200\",\"responseTime\":\"776.825\"}","timestamp":"2025-02-16T10:28:42.800Z"}
{"level":"\u001b[32minfo\u001b[39m","message":"{\"method\":\"POST\",\"url\":\"/api/v1/users/login/\",\"status\":\"500\",\"responseTime\":\"254.773\"}","timestamp":"2025-02-16T10:28:51.927Z"}
{"level":"\u001b[32minfo\u001b[39m","message":"{\"method\":\"POST\",\"url\":\"/api/v1/users/login/\",\"status\":\"403\",\"responseTime\":\"925.823\"}","timestamp":"2025-02-16T10:29:42.076Z"}
{"level":"\u001b[32minfo\u001b[39m","message":"{\"method\":\"POST\",\"url\":\"/api/v1/users/login/\",\"status\":\"200\",\"responseTime\":\"914.250\"}","timestamp":"2025-02-16T10:29:58.563Z"}
{"level":"\u001b[32minfo\u001b[39m","message":"{\"method\":\"POST\",\"url\":\"/api/v1/users/refresh-token/\",\"status\":\"401\",\"responseTime\":\"40.148\"}","timestamp":"2025-02-22T08:40:47.191Z"}
{"level":"\u001b[32minfo\u001b[39m","message":"{\"method\":\"POST\",\"url\":\"/api/v1/users/register\",\"status\":\"400\",\"responseTime\":\"9.446\"}","timestamp":"2025-02-22T08:41:16.637Z"}
{"level":"\u001b[32minfo\u001b[39m","message":"{\"method\":\"POST\",\"url\":\"/api/v1/users/register\",\"status\":\"500\",\"responseTime\":\"4283.246\"}","timestamp":"2025-02-22T08:41:57.592Z"}
{"level":"\u001b[32minfo\u001b[39m","message":"{\"method\":\"POST\",\"url\":\"/api/v1/users/register\",\"status\":\"500\",\"responseTime\":\"3962.972\"}","timestamp":"2025-02-22T08:42:59.083Z"}
{"level":"\u001b[32minfo\u001b[39m","message":"{\"method\":\"POST\",\"url\":\"/api/v1/users/register\",\"status\":\"200\",\"responseTime\":\"7865.807\"}","timestamp":"2025-02-22T08:44:10.394Z"}
{"level":"\u001b[32minfo\u001b[39m","message":"{\"method\":\"POST\",\"url\":\"/api/v1/users/login/\",\"status\":\"200\",\"responseTime\":\"2118.388\"}","timestamp":"2025-02-22T08:47:05.518Z"}
{"level":"\u001b[32minfo\u001b[39m","message":"{\"method\":\"POST\",\"url\":\"/api/v1/users/refresh-token/\",\"status\":\"401\",\"responseTime\":\"5.152\"}","timestamp":"2025-02-22T08:47:40.389Z"}
{"level":"\u001b[32minfo\u001b[39m","message":"{\"method\":\"POST\",\"url\":\"/api/v1/users/refresh-token/\",\"status\":\"401\",\"responseTime\":\"3.131\"}","timestamp":"2025-02-22T08:47:42.172Z"}
{"level":"\u001b[32minfo\u001b[39m","message":"{\"method\":\"POST\",\"url\":\"/api/v1/users/refresh-token/\",\"status\":\"401\",\"responseTime\":\"24.254\"}","timestamp":"2025-02-22T08:48:29.271Z"}
{"level":"\u001b[32minfo\u001b[39m","message":"{\"method\":\"POST\",\"url\":\"/api/v1/users/refresh-token/\",\"status\":\"401\",\"responseTime\":\"52.095\"}","timestamp":"2025-02-22T16:32:21.804Z"}
{"level":"\u001b[32minfo\u001b[39m","message":"{\"method\":\"POST\",\"url\":\"/api/v1/users/refresh-token/\",\"status\":\"401\",\"responseTime\":\"32.667\"}","timestamp":"2025-02-22T16:32:52.079Z"}
{"level":"\u001b[32minfo\u001b[39m","message":"{\"method\":\"POST\",\"url\":\"/api/v1/users/refresh-token/\",\"status\":\"200\",\"responseTime\":\"306.793\"}","timestamp":"2025-02-22T16:33:38.927Z"}
